  소스.c
C:\Program Files (x86)\Windows Kits\10\Include\10.0.19041.0\shared\bcrypt.h(39,49): error C2061: 구문 오류: 식별자 'NTSTATUS'
C:\Program Files (x86)\Windows Kits\10\Include\10.0.19041.0\shared\bcrypt.h(39,49): error C2059: 구문 오류: ';'
C:\Program Files (x86)\Windows Kits\10\Include\10.0.19041.0\shared\bcrypt.h(40,18): error C2143: 구문 오류: '{'이(가) '*' 앞에 없습니다.
C:\Program Files (x86)\Windows Kits\10\Include\10.0.19041.0\shared\bcrypt.h(198,5): error C2061: 구문 오류: 식별자 'ULONG'
C:\Program Files (x86)\Windows Kits\10\Include\10.0.19041.0\shared\bcrypt.h(199,13): error C2061: 구문 오류: 식별자 'dwMaxLength'
C:\Program Files (x86)\Windows Kits\10\Include\10.0.19041.0\shared\bcrypt.h(199,13): error C2059: 구문 오류: ';'
C:\Program Files (x86)\Windows Kits\10\Include\10.0.19041.0\shared\bcrypt.h(200,13): error C2061: 구문 오류: 식별자 'dwIncrement'
C:\Program Files (x86)\Windows Kits\10\Include\10.0.19041.0\shared\bcrypt.h(200,13): error C2059: 구문 오류: ';'
C:\Program Files (x86)\Windows Kits\10\Include\10.0.19041.0\shared\bcrypt.h(201,1): error C2059: 구문 오류: '}'
C:\Program Files (x86)\Windows Kits\10\Include\10.0.19041.0\shared\bcrypt.h(203,35): error C2061: 구문 오류: 식별자 'BCRYPT_AUTH_TAG_LENGTHS_STRUCT'
C:\Program Files (x86)\Windows Kits\10\Include\10.0.19041.0\shared\bcrypt.h(203,35): error C2059: 구문 오류: ';'
C:\Program Files (x86)\Windows Kits\10\Include\10.0.19041.0\shared\bcrypt.h(207,5): error C2061: 구문 오류: 식별자 'ULONG'
C:\Program Files (x86)\Windows Kits\10\Include\10.0.19041.0\shared\bcrypt.h(208,13): error C2061: 구문 오류: 식별자 'pbOID'
C:\Program Files (x86)\Windows Kits\10\Include\10.0.19041.0\shared\bcrypt.h(208,13): error C2059: 구문 오류: ';'
C:\Program Files (x86)\Windows Kits\10\Include\10.0.19041.0\shared\bcrypt.h(209,1): error C2059: 구문 오류: '}'
C:\Program Files (x86)\Windows Kits\10\Include\10.0.19041.0\shared\bcrypt.h(213,5): error C2061: 구문 오류: 식별자 'ULONG'
C:\Program Files (x86)\Windows Kits\10\Include\10.0.19041.0\shared\bcrypt.h(214,17): error C2143: 구문 오류: '{'이(가) '*' 앞에 없습니다.
C:\Program Files (x86)\Windows Kits\10\Include\10.0.19041.0\shared\bcrypt.h(215,1): error C2059: 구문 오류: '}'
C:\Program Files (x86)\Windows Kits\10\Include\10.0.19041.0\shared\bcrypt.h(219,5): error C2061: 구문 오류: 식별자 'LPCWSTR'
C:\Program Files (x86)\Windows Kits\10\Include\10.0.19041.0\shared\bcrypt.h(220,1): error C2059: 구문 오류: '}'
C:\Program Files (x86)\Windows Kits\10\Include\10.0.19041.0\shared\bcrypt.h(224,5): error C2061: 구문 오류: 식별자 'LPCWSTR'
C:\Program Files (x86)\Windows Kits\10\Include\10.0.19041.0\shared\bcrypt.h(225,13): error C2061: 구문 오류: 식별자 'cbSalt'
C:\Program Files (x86)\Windows Kits\10\Include\10.0.19041.0\shared\bcrypt.h(225,13): error C2059: 구문 오류: ';'
C:\Program Files (x86)\Windows Kits\10\Include\10.0.19041.0\shared\bcrypt.h(226,1): error C2059: 구문 오류: '}'
C:\Program Files (x86)\Windows Kits\10\Include\10.0.19041.0\shared\bcrypt.h(230,5): error C2061: 구문 오류: 식별자 'LPCWSTR'
C:\Program Files (x86)\Windows Kits\10\Include\10.0.19041.0\shared\bcrypt.h(231,14): error C2061: 구문 오류: 식별자 'pbLabel'
C:\Program Files (x86)\Windows Kits\10\Include\10.0.19041.0\shared\bcrypt.h(231,14): error C2059: 구문 오류: ';'
C:\Program Files (x86)\Windows Kits\10\Include\10.0.19041.0\shared\bcrypt.h(232,13): error C2061: 구문 오류: 식별자 'cbLabel'
C:\Program Files (x86)\Windows Kits\10\Include\10.0.19041.0\shared\bcrypt.h(232,13): error C2059: 구문 오류: ';'
C:\Program Files (x86)\Windows Kits\10\Include\10.0.19041.0\shared\bcrypt.h(233,1): error C2059: 구문 오류: '}'
C:\Program Files (x86)\Windows Kits\10\Include\10.0.19041.0\shared\bcrypt.h(242,5): error C2061: 구문 오류: 식별자 'ULONG'
C:\Program Files (x86)\Windows Kits\10\Include\10.0.19041.0\shared\bcrypt.h(243,17): error C2061: 구문 오류: 식별자 'dwInfoVersion'
C:\Program Files (x86)\Windows Kits\10\Include\10.0.19041.0\shared\bcrypt.h(243,17): error C2059: 구문 오류: ';'
C:\Program Files (x86)\Windows Kits\10\Include\10.0.19041.0\shared\bcrypt.h(244,17): error C2061: 구문 오류: 식별자 'pbNonce'
C:\Program Files (x86)\Windows Kits\10\Include\10.0.19041.0\shared\bcrypt.h(244,17): error C2059: 구문 오류: ';'
C:\Program Files (x86)\Windows Kits\10\Include\10.0.19041.0\shared\bcrypt.h(245,17): error C2061: 구문 오류: 식별자 'cbNonce'
C:\Program Files (x86)\Windows Kits\10\Include\10.0.19041.0\shared\bcrypt.h(245,17): error C2059: 구문 오류: ';'
C:\Program Files (x86)\Windows Kits\10\Include\10.0.19041.0\shared\bcrypt.h(246,17): error C2061: 구문 오류: 식별자 'pbAuthData'
C:\Program Files (x86)\Windows Kits\10\Include\10.0.19041.0\shared\bcrypt.h(246,17): error C2059: 구문 오류: ';'
C:\Program Files (x86)\Windows Kits\10\Include\10.0.19041.0\shared\bcrypt.h(247,17): error C2061: 구문 오류: 식별자 'cbAuthData'
C:\Program Files (x86)\Windows Kits\10\Include\10.0.19041.0\shared\bcrypt.h(247,17): error C2059: 구문 오류: ';'
C:\Program Files (x86)\Windows Kits\10\Include\10.0.19041.0\shared\bcrypt.h(248,17): error C2061: 구문 오류: 식별자 'pbTag'
C:\Program Files (x86)\Windows Kits\10\Include\10.0.19041.0\shared\bcrypt.h(248,17): error C2059: 구문 오류: ';'
C:\Program Files (x86)\Windows Kits\10\Include\10.0.19041.0\shared\bcrypt.h(249,17): error C2061: 구문 오류: 식별자 'cbTag'
C:\Program Files (x86)\Windows Kits\10\Include\10.0.19041.0\shared\bcrypt.h(249,17): error C2059: 구문 오류: ';'
C:\Program Files (x86)\Windows Kits\10\Include\10.0.19041.0\shared\bcrypt.h(250,17): error C2061: 구문 오류: 식별자 'pbMacContext'
C:\Program Files (x86)\Windows Kits\10\Include\10.0.19041.0\shared\bcrypt.h(250,17): error C2059: 구문 오류: ';'
C:\Program Files (x86)\Windows Kits\10\Include\10.0.19041.0\shared\bcrypt.h(251,17): error C2061: 구문 오류: 식별자 'cbMacContext'
C:\Program Files (x86)\Windows Kits\10\Include\10.0.19041.0\shared\bcrypt.h(251,17): error C2059: 구문 오류: ';'
C:\Program Files (x86)\Windows Kits\10\Include\10.0.19041.0\shared\bcrypt.h(252,17): error C2061: 구문 오류: 식별자 'cbAAD'
C:\Program Files (x86)\Windows Kits\10\Include\10.0.19041.0\shared\bcrypt.h(252,17): error C2059: 구문 오류: ';'
C:\Program Files (x86)\Windows Kits\10\Include\10.0.19041.0\shared\bcrypt.h(253,17): error C2061: 구문 오류: 식별자 'cbData'
C:\Program Files (x86)\Windows Kits\10\Include\10.0.19041.0\shared\bcrypt.h(253,17): error C2059: 구문 오류: ';'
C:\Program Files (x86)\Windows Kits\10\Include\10.0.19041.0\shared\bcrypt.h(254,17): error C2061: 구문 오류: 식별자 'dwFlags'
C:\Program Files (x86)\Windows Kits\10\Include\10.0.19041.0\shared\bcrypt.h(254,17): error C2059: 구문 오류: ';'
C:\Program Files (x86)\Windows Kits\10\Include\10.0.19041.0\shared\bcrypt.h(255,1): error C2059: 구문 오류: '}'
C:\Program Files (x86)\Windows Kits\10\Include\10.0.19041.0\shared\bcrypt.h(392,5): error C2061: 구문 오류: 식별자 'ULONG'
C:\Program Files (x86)\Windows Kits\10\Include\10.0.19041.0\shared\bcrypt.h(393,13): error C2061: 구문 오류: 식별자 'BufferType'
C:\Program Files (x86)\Windows Kits\10\Include\10.0.19041.0\shared\bcrypt.h(393,13): error C2059: 구문 오류: ';'
C:\Program Files (x86)\Windows Kits\10\Include\10.0.19041.0\shared\bcrypt.h(394,13): error C2061: 구문 오류: 식별자 'pvBuffer'
C:\Program Files (x86)\Windows Kits\10\Include\10.0.19041.0\shared\bcrypt.h(394,13): error C2059: 구문 오류: ';'
C:\Program Files (x86)\Windows Kits\10\Include\10.0.19041.0\shared\bcrypt.h(395,1): error C2059: 구문 오류: '}'
C:\Program Files (x86)\Windows Kits\10\Include\10.0.19041.0\shared\bcrypt.h(398,5): error C2061: 구문 오류: 식별자 'ULONG'
C:\Program Files (x86)\Windows Kits\10\Include\10.0.19041.0\shared\bcrypt.h(399,13): error C2061: 구문 오류: 식별자 'cBuffers'
C:\Program Files (x86)\Windows Kits\10\Include\10.0.19041.0\shared\bcrypt.h(399,13): error C2059: 구문 오류: ';'
C:\Program Files (x86)\Windows Kits\10\Include\10.0.19041.0\shared\bcrypt.h(400,19): error C2061: 구문 오류: 식별자 'pBuffers'
C:\Program Files (x86)\Windows Kits\10\Include\10.0.19041.0\shared\bcrypt.h(400,19): error C2059: 구문 오류: ';'
C:\Program Files (x86)\Windows Kits\10\Include\10.0.19041.0\shared\bcrypt.h(401,1): error C2059: 구문 오류: '}'
C:\Program Files (x86)\Windows Kits\10\Include\10.0.19041.0\shared\bcrypt.h(407,15): error C2061: 구문 오류: 식별자 'BCRYPT_HANDLE'
C:\Program Files (x86)\Windows Kits\10\Include\10.0.19041.0\shared\bcrypt.h(407,15): error C2059: 구문 오류: ';'
C:\Program Files (x86)\Windows Kits\10\Include\10.0.19041.0\shared\bcrypt.h(408,15): error C2061: 구문 오류: 식별자 'BCRYPT_ALG_HANDLE'
C:\Program Files (x86)\Windows Kits\10\Include\10.0.19041.0\shared\bcrypt.h(408,15): error C2059: 구문 오류: ';'
C:\Program Files (x86)\Windows Kits\10\Include\10.0.19041.0\shared\bcrypt.h(409,15): error C2061: 구문 오류: 식별자 'BCRYPT_KEY_HANDLE'
C:\Program Files (x86)\Windows Kits\10\Include\10.0.19041.0\shared\bcrypt.h(409,15): error C2059: 구문 오류: ';'
C:\Program Files (x86)\Windows Kits\10\Include\10.0.19041.0\shared\bcrypt.h(410,15): error C2061: 구문 오류: 식별자 'BCRYPT_HASH_HANDLE'
C:\Program Files (x86)\Windows Kits\10\Include\10.0.19041.0\shared\bcrypt.h(410,15): error C2059: 구문 오류: ';'
C:\Program Files (x86)\Windows Kits\10\Include\10.0.19041.0\shared\bcrypt.h(411,15): error C2061: 구문 오류: 식별자 'BCRYPT_SECRET_HANDLE'
C:\Program Files (x86)\Windows Kits\10\Include\10.0.19041.0\shared\bcrypt.h(411,15): error C2059: 구문 오류: ';'
C:\Program Files (x86)\Windows Kits\10\Include\10.0.19041.0\shared\bcrypt.h(422,5): error C2061: 구문 오류: 식별자 'ULONG'
C:\Program Files (x86)\Windows Kits\10\Include\10.0.19041.0\shared\bcrypt.h(423,1): error C2059: 구문 오류: '}'
C:\Program Files (x86)\Windows Kits\10\Include\10.0.19041.0\shared\bcrypt.h(444,5): error C2061: 구문 오류: 식별자 'ULONG'
C:\Program Files (x86)\Windows Kits\10\Include\10.0.19041.0\shared\bcrypt.h(445,13): error C2061: 구문 오류: 식별자 'BitLength'
C:\Program Files (x86)\Windows Kits\10\Include\10.0.19041.0\shared\bcrypt.h(445,13): error C2059: 구문 오류: ';'
C:\Program Files (x86)\Windows Kits\10\Include\10.0.19041.0\shared\bcrypt.h(446,13): error C2061: 구문 오류: 식별자 'cbPublicExp'
C:\Program Files (x86)\Windows Kits\10\Include\10.0.19041.0\shared\bcrypt.h(446,13): error C2059: 구문 오류: ';'
C:\Program Files (x86)\Windows Kits\10\Include\10.0.19041.0\shared\bcrypt.h(447,13): error C2061: 구문 오류: 식별자 'cbModulus'
C:\Program Files (x86)\Windows Kits\10\Include\10.0.19041.0\shared\bcrypt.h(447,13): error C2059: 구문 오류: ';'
C:\Program Files (x86)\Windows Kits\10\Include\10.0.19041.0\shared\bcrypt.h(448,13): error C2061: 구문 오류: 식별자 'cbPrime1'
C:\Program Files (x86)\Windows Kits\10\Include\10.0.19041.0\shared\bcrypt.h(448,13): error C2059: 구문 오류: ';'
C:\Program Files (x86)\Windows Kits\10\Include\10.0.19041.0\shared\bcrypt.h(449,13): error C2061: 구문 오류: 식별자 'cbPrime2'
C:\Program Files (x86)\Windows Kits\10\Include\10.0.19041.0\shared\bcrypt.h(449,13): error C2059: 구문 오류: ';'
C:\Program Files (x86)\Windows Kits\10\Include\10.0.19041.0\shared\bcrypt.h(450,1): error C2059: 구문 오류: '}'
C:\Program Files (x86)\Windows Kits\10\Include\10.0.19041.0\shared\bcrypt.h(510,5): error C2061: 구문 오류: 식별자 'ULONG'
C:\Program Files (x86)\Windows Kits\10\Include\10.0.19041.0\shared\bcrypt.h(511,13): error C2061: 구문 오류: 식별자 'cbKey'
C:\Program Files (x86)\Windows Kits\10\Include\10.0.19041.0\shared\bcrypt.h(511,13): error C2059: 구문 오류: ';'
C:\Program Files (x86)\Windows Kits\10\Include\10.0.19041.0\shared\bcrypt.h(512,1): error C2059: 구문 오류: '}'
C:\Program Files (x86)\Windows Kits\10\Include\10.0.19041.0\shared\bcrypt.h(518,5): error C2061: 구문 오류: 식별자 'ULONG'
C:\Program Files (x86)\Windows Kits\10\Include\10.0.19041.0\shared\bcrypt.h(519,13): error C2061: 구문 오류: 식별자 'cbKey'
C:\Program Files (x86)\Windows Kits\10\Include\10.0.19041.0\shared\bcrypt.h(519,13): error C2059: 구문 오류: ';'
C:\Program Files (x86)\Windows Kits\10\Include\10.0.19041.0\shared\bcrypt.h(520,1): error C2059: 구문 오류: '}'
C:\Program Files (x86)\Windows Kits\10\Include\10.0.19041.0\shared\bcrypt.h(541,5): error C2061: 구문 오류: 식별자 'ULONG'
C:\Program Files (x86)\Windows Kits\10\Include\10.0.19041.0\shared\bcrypt.h(541,5): fatal  error C1003: 오류 수가 100개를 초과했습니다. 컴파일을 중지합니다.
